<?xml version="1.0" encoding="UTF-8"?>
<testng-results ignored="0" total="5" passed="4" failed="1" skipped="0">
  <reporter-output>
  </reporter-output>
  <suite started-at="2020-11-04T14:03:37 IST" name="Suite" finished-at="2020-11-04T14:05:00 IST" duration-ms="82678">
    <groups>
    </groups>
    <test started-at="2020-11-04T14:03:37 IST" name="Test" finished-at="2020-11-04T14:05:00 IST" duration-ms="82678">
      <class name="Academy1.AppTest">
        <test-method signature="shouldAnswerWithTrue()[pri:0, instance:Academy1.AppTest@71e9ddb4]" started-at="2020-11-04T14:04:09 IST" name="shouldAnswerWithTrue" finished-at="2020-11-04T14:04:09 IST" duration-ms="0" status="PASS">
          <reporter-output>
          </reporter-output>
        </test-method> <!-- shouldAnswerWithTrue -->
      </class> <!-- Academy1.AppTest -->
      <class name="Academy1.shopItemValidate">
        <test-method signature="pageNavigation()[pri:0, instance:Academy1.shopItemValidate@394df057]" started-at="2020-11-04T14:04:09 IST" name="pageNavigation" finished-at="2020-11-04T14:04:35 IST" duration-ms="26011" status="PASS">
          <reporter-output>
          </reporter-output>
        </test-method> <!-- pageNavigation -->
        <test-method is-config="true" signature="getclose()[pri:0, instance:Academy1.shopItemValidate@394df057]" started-at="2020-11-04T14:05:00 IST" name="getclose" finished-at="2020-11-04T14:05:00 IST" duration-ms="306" status="PASS">
          <reporter-output>
          </reporter-output>
        </test-method> <!-- getclose -->
      </class> <!-- Academy1.shopItemValidate -->
      <class name="Academy1.validateItem">
        <test-method signature="pageNavigation()[pri:0, instance:Academy1.validateItem@58a9760d]" started-at="2020-11-04T14:03:53 IST" name="pageNavigation" finished-at="2020-11-04T14:04:09 IST" duration-ms="15692" status="PASS">
          <reporter-output>
          </reporter-output>
        </test-method> <!-- pageNavigation -->
        <test-method is-config="true" signature="getclose()[pri:0, instance:Academy1.validateItem@58a9760d]" started-at="2020-11-04T14:05:00 IST" name="getclose" finished-at="2020-11-04T14:05:00 IST" duration-ms="153" status="PASS">
          <reporter-output>
          </reporter-output>
        </test-method> <!-- getclose -->
      </class> <!-- Academy1.validateItem -->
      <class name="Academy1.homePage">
        <test-method signature="pageNavigation()[pri:0, instance:Academy1.homePage@7530ad9c]" started-at="2020-11-04T14:03:37 IST" name="pageNavigation" finished-at="2020-11-04T14:03:53 IST" duration-ms="15942" status="PASS">
          <reporter-output>
          </reporter-output>
        </test-method> <!-- pageNavigation -->
        <test-method is-config="true" signature="getclose()[pri:0, instance:Academy1.homePage@7530ad9c]" started-at="2020-11-04T14:04:59 IST" name="getclose" finished-at="2020-11-04T14:05:00 IST" duration-ms="141" status="PASS">
          <reporter-output>
          </reporter-output>
        </test-method> <!-- getclose -->
      </class> <!-- Academy1.homePage -->
      <class name="Academy1.accountValidate">
        <test-method signature="pageNavigation()[pri:0, instance:Academy1.accountValidate@4961f6af]" started-at="2020-11-04T14:04:35 IST" name="pageNavigation" finished-at="2020-11-04T14:04:59 IST" duration-ms="24140" status="FAIL">
          <exception class="org.openqa.selenium.NoSuchElementException">
            <message>
              <![CDATA[no such element: Unable to locate element: {"method":"xpath","selector":"//input[@id='id_gender2']"}
  (Session info: chrome=86.0.4240.183)
For documentation on this error, please visit: https://www.seleniumhq.org/exceptions/no_such_element.html
Build info: version: '3.141.59', revision: 'e82be7d358', time: '2018-11-14T08:17:03'
System info: host: 'CHANCHALA', ip: '192.168.0.40', os.name: 'Windows 10', os.arch: 'amd64', os.version: '10.0', java.version: '9.0.4'
Driver info: org.openqa.selenium.chrome.ChromeDriver
Capabilities {acceptInsecureCerts: false, browserName: chrome, browserVersion: 86.0.4240.183, chrome: {chromedriverVersion: 86.0.4240.22 (398b0743353ff..., userDataDir: C:\Users\CHANCH~1\AppData\L...}, goog:chromeOptions: {debuggerAddress: localhost:52115}, javascriptEnabled: true, networkConnectionEnabled: false, pageLoadStrategy: normal, platform: WINDOWS, platformName: WINDOWS, proxy: Proxy(), setWindowRect: true, strictFileInteractability: false, timeouts: {implicit: 0, pageLoad: 300000, script: 30000}, unhandledPromptBehavior: dismiss and notify, webauthn:virtualAuthenticators: true}
Session ID: bbace5bfc5d7af8f03970937f07fdb43
*** Element info: {Using=xpath, value=//input[@id='id_gender2']}]]>
            </message>
            <full-stacktrace>
              <![CDATA[org.openqa.selenium.NoSuchElementException: no such element: Unable to locate element: {"method":"xpath","selector":"//input[@id='id_gender2']"}
  (Session info: chrome=86.0.4240.183)
For documentation on this error, please visit: https://www.seleniumhq.org/exceptions/no_such_element.html
Build info: version: '3.141.59', revision: 'e82be7d358', time: '2018-11-14T08:17:03'
System info: host: 'CHANCHALA', ip: '192.168.0.40', os.name: 'Windows 10', os.arch: 'amd64', os.version: '10.0', java.version: '9.0.4'
Driver info: org.openqa.selenium.chrome.ChromeDriver
Capabilities {acceptInsecureCerts: false, browserName: chrome, browserVersion: 86.0.4240.183, chrome: {chromedriverVersion: 86.0.4240.22 (398b0743353ff..., userDataDir: C:\Users\CHANCH~1\AppData\L...}, goog:chromeOptions: {debuggerAddress: localhost:52115}, javascriptEnabled: true, networkConnectionEnabled: false, pageLoadStrategy: normal, platform: WINDOWS, platformName: WINDOWS, proxy: Proxy(), setWindowRect: true, strictFileInteractability: false, timeouts: {implicit: 0, pageLoad: 300000, script: 30000}, unhandledPromptBehavior: dismiss and notify, webauthn:virtualAuthenticators: true}
Session ID: bbace5bfc5d7af8f03970937f07fdb43
*** Element info: {Using=xpath, value=//input[@id='id_gender2']}
at java.base/jdk.internal.reflect.NativeConstructorAccessorImpl.newInstance0(Native Method)
at java.base/jdk.internal.reflect.NativeConstructorAccessorImpl.newInstance(NativeConstructorAccessorImpl.java:62)
at java.base/jdk.internal.reflect.DelegatingConstructorAccessorImpl.newInstance(DelegatingConstructorAccessorImpl.java:45)
at java.base/java.lang.reflect.Constructor.newInstance(Constructor.java:488)
at org.openqa.selenium.remote.http.W3CHttpResponseCodec.createException(W3CHttpResponseCodec.java:187)
at org.openqa.selenium.remote.http.W3CHttpResponseCodec.decode(W3CHttpResponseCodec.java:122)
at org.openqa.selenium.remote.http.W3CHttpResponseCodec.decode(W3CHttpResponseCodec.java:49)
at org.openqa.selenium.remote.HttpCommandExecutor.execute(HttpCommandExecutor.java:158)
at org.openqa.selenium.remote.service.DriverCommandExecutor.execute(DriverCommandExecutor.java:83)
at org.openqa.selenium.remote.RemoteWebDriver.execute(RemoteWebDriver.java:552)
at org.openqa.selenium.remote.RemoteWebDriver.findElement(RemoteWebDriver.java:323)
at org.openqa.selenium.remote.RemoteWebDriver.findElementByXPath(RemoteWebDriver.java:428)
at org.openqa.selenium.By$ByXPath.findElement(By.java:353)
at org.openqa.selenium.remote.RemoteWebDriver.findElement(RemoteWebDriver.java:315)
at pageObject.registrationPage.getRegister(registrationPage.java:22)
at Academy1.accountValidate.pageNavigation(accountValidate.java:26)
at java.base/jdk.internal.reflect.NativeMethodAccessorImpl.invoke0(Native Method)
at java.base/jdk.internal.reflect.NativeMethodAccessorImpl.invoke(NativeMethodAccessorImpl.java:62)
at java.base/jdk.internal.reflect.DelegatingMethodAccessorImpl.invoke(DelegatingMethodAccessorImpl.java:43)
at java.base/java.lang.reflect.Method.invoke(Method.java:564)
at org.testng.internal.MethodInvocationHelper.invokeMethod(MethodInvocationHelper.java:133)
at org.testng.internal.TestInvoker.invokeMethod(TestInvoker.java:584)
at org.testng.internal.TestInvoker.invokeTestMethod(TestInvoker.java:172)
at org.testng.internal.MethodRunner.runInSequence(MethodRunner.java:46)
at org.testng.internal.TestInvoker$MethodInvocationAgent.invoke(TestInvoker.java:804)
at org.testng.internal.TestInvoker.invokeTestMethods(TestInvoker.java:145)
at org.testng.internal.TestMethodWorker.invokeTestMethods(TestMethodWorker.java:146)
at org.testng.internal.TestMethodWorker.run(TestMethodWorker.java:128)
at java.base/java.util.ArrayList.forEach(ArrayList.java:1380)
at org.testng.TestRunner.privateRun(TestRunner.java:770)
at org.testng.TestRunner.run(TestRunner.java:591)
at org.testng.SuiteRunner.runTest(SuiteRunner.java:402)
at org.testng.SuiteRunner.runSequentially(SuiteRunner.java:396)
at org.testng.SuiteRunner.privateRun(SuiteRunner.java:355)
at org.testng.SuiteRunner.run(SuiteRunner.java:304)
at org.testng.SuiteRunnerWorker.runSuite(SuiteRunnerWorker.java:53)
at org.testng.SuiteRunnerWorker.run(SuiteRunnerWorker.java:96)
at org.testng.TestNG.runSuitesSequentially(TestNG.java:1180)
at org.testng.TestNG.runSuitesLocally(TestNG.java:1102)
at org.testng.TestNG.runSuites(TestNG.java:1032)
at org.testng.TestNG.run(TestNG.java:1000)
at org.apache.maven.surefire.testng.TestNGExecutor.run(TestNGExecutor.java:283)
at org.apache.maven.surefire.testng.TestNGXmlTestSuite.execute(TestNGXmlTestSuite.java:75)
at org.apache.maven.surefire.testng.TestNGProvider.invoke(TestNGProvider.java:120)
at org.apache.maven.surefire.booter.ForkedBooter.invokeProviderInSameClassLoader(ForkedBooter.java:384)
at org.apache.maven.surefire.booter.ForkedBooter.runSuitesInProcess(ForkedBooter.java:345)
at org.apache.maven.surefire.booter.ForkedBooter.execute(ForkedBooter.java:126)
at org.apache.maven.surefire.booter.ForkedBooter.main(ForkedBooter.java:418)
]]>
            </full-stacktrace>
          </exception> <!-- org.openqa.selenium.NoSuchElementException -->
          <reporter-output>
          </reporter-output>
        </test-method> <!-- pageNavigation -->
        <test-method is-config="true" signature="getclose()[pri:0, instance:Academy1.accountValidate@4961f6af]" started-at="2020-11-04T14:04:59 IST" name="getclose" finished-at="2020-11-04T14:04:59 IST" duration-ms="161" status="PASS">
          <reporter-output>
          </reporter-output>
        </test-method> <!-- getclose -->
      </class> <!-- Academy1.accountValidate -->
    </test> <!-- Test -->
  </suite> <!-- Suite -->
</testng-results>
