<?xml version="1.0" encoding="UTF-8"?>
<testng-results ignored="0" total="1" passed="1" failed="0" skipped="0">
  <reporter-output>
  </reporter-output>
  <suite started-at="2020-11-04T14:00:40 IST" name="Default suite" finished-at="2020-11-04T14:00:57 IST" duration-ms="17035">
    <groups>
    </groups>
    <test started-at="2020-11-04T14:00:40 IST" name="Default test" finished-at="2020-11-04T14:00:57 IST" duration-ms="17035">
      <class name="Academy1.validateItem">
        <test-method signature="pageNavigation()[pri:0, instance:Academy1.validateItem@f2ff811]" started-at="2020-11-04T14:00:40 IST" name="pageNavigation" finished-at="2020-11-04T14:00:56 IST" duration-ms="16664" status="PASS">
          <reporter-output>
          </reporter-output>
        </test-method> <!-- pageNavigation -->
        <test-method is-config="true" signature="getclose()[pri:0, instance:Academy1.validateItem@f2ff811]" started-at="2020-11-04T14:00:56 IST" name="getclose" finished-at="2020-11-04T14:00:57 IST" duration-ms="307" status="PASS">
          <reporter-output>
          </reporter-output>
        </test-method> <!-- getclose -->
      </class> <!-- Academy1.validateItem -->
    </test> <!-- Default test -->
  </suite> <!-- Default suite -->
</testng-results>
